2026-04-13 15:31:51,702 INFO o.a.j.u.JMeterUtils: Setting Locale to en_EN
2026-04-13 15:31:51,731 INFO o.a.j.JMeter: Loading user properties from: /opt/homebrew/Cellar/jmeter/5.6.3/libexec/bin/user.properties
2026-04-13 15:31:51,732 INFO o.a.j.JMeter: Loading system properties from: /opt/homebrew/Cellar/jmeter/5.6.3/libexec/bin/system.properties
2026-04-13 15:31:51,735 INFO o.a.j.JMeter: Copyright (c) 1998-2024 The Apache Software Foundation
2026-04-13 15:31:51,735 INFO o.a.j.JMeter: Version 5.6.3
2026-04-13 15:31:51,735 INFO o.a.j.JMeter: java.version=21.0.7
2026-04-13 15:31:51,735 INFO o.a.j.JMeter: java.vm.name=OpenJDK 64-Bit Server VM
2026-04-13 15:31:51,735 INFO o.a.j.JMeter: os.name=Mac OS X
2026-04-13 15:31:51,735 INFO o.a.j.JMeter: os.arch=aarch64
2026-04-13 15:31:51,735 INFO o.a.j.JMeter: os.version=26.3.1
2026-04-13 15:31:51,735 INFO o.a.j.JMeter: file.encoding=UTF-8
2026-04-13 15:31:51,735 INFO o.a.j.JMeter: java.awt.headless=null
2026-04-13 15:31:51,735 INFO o.a.j.JMeter: Max memory     =1073741824
2026-04-13 15:31:51,736 INFO o.a.j.JMeter: Available Processors =10
2026-04-13 15:31:51,743 INFO o.a.j.JMeter: Default Locale=English (EN)
2026-04-13 15:31:51,744 INFO o.a.j.JMeter: JMeter  Locale=English (EN)
2026-04-13 15:31:51,744 INFO o.a.j.JMeter: JMeterHome=/opt/homebrew/Cellar/jmeter/5.6.3/libexec
2026-04-13 15:31:51,744 INFO o.a.j.JMeter: user.dir  =/Users/daniel/workspace/perfana-cli
2026-04-13 15:31:51,744 INFO o.a.j.JMeter: PWD       =/Users/daniel/workspace/perfana-cli
2026-04-13 15:31:51,757 INFO o.a.j.JMeter: IP: 192.168.1.87 Name: MacBookPro.home FullName: macbookpro.home
